<?xml version="1.0" encoding="UTF-8"?>
<testsuite xmlns:xsi="http://www.w3.org/2001/XMLSchema-instance" xsi:noNamespaceSchemaLocation="https://maven.apache.org/surefire/maven-surefire-plugin/xsd/surefire-test-report-3.0.xsd" version="3.0" name="DbConnectionTesting" time="3.375" tests="1" errors="0" skipped="0" failures="0">
  <properties>
    <property name="java.specification.version" value="17"/>
    <property name="sun.cpu.isalist" value="amd64"/>
    <property name="sun.jnu.encoding" value="Cp1252"/>
    <property name="java.class.path" value="C:\Users\Guilaine\Eclipse WorkSpace-2018\Auca_Management\auca-project\target\test-classes;C:\Users\Guilaine\Eclipse WorkSpace-2018\Auca_Management\auca-project\target\classes;C:\Users\Guilaine\.m2\repository\junit\junit\4.13.2\junit-4.13.2.jar;C:\Users\Guilaine\.m2\repository\org\hamcrest\hamcrest-core\1.3\hamcrest-core-1.3.jar;C:\Users\Guilaine\.m2\repository\org\hibernate\orm\hibernate-core\6.2.5.Final\hibernate-core-6.2.5.Final.jar;C:\Users\Guilaine\.m2\repository\jakarta\persistence\jakarta.persistence-api\3.1.0\jakarta.persistence-api-3.1.0.jar;C:\Users\Guilaine\.m2\repository\jakarta\transaction\jakarta.transaction-api\2.0.1\jakarta.transaction-api-2.0.1.jar;C:\Users\Guilaine\.m2\repository\org\jboss\logging\jboss-logging\3.5.0.Final\jboss-logging-3.5.0.Final.jar;C:\Users\Guilaine\.m2\repository\org\hibernate\common\hibernate-commons-annotations\6.0.6.Final\hibernate-commons-annotations-6.0.6.Final.jar;C:\Users\Guilaine\.m2\repository\io\smallrye\jandex\3.0.5\jandex-3.0.5.jar;C:\Users\Guilaine\.m2\repository\com\fasterxml\classmate\1.5.1\classmate-1.5.1.jar;C:\Users\Guilaine\.m2\repository\net\bytebuddy\byte-buddy\1.12.18\byte-buddy-1.12.18.jar;C:\Users\Guilaine\.m2\repository\jakarta\xml\bind\jakarta.xml.bind-api\4.0.0\jakarta.xml.bind-api-4.0.0.jar;C:\Users\Guilaine\.m2\repository\jakarta\activation\jakarta.activation-api\2.1.0\jakarta.activation-api-2.1.0.jar;C:\Users\Guilaine\.m2\repository\org\glassfish\jaxb\jaxb-runtime\4.0.2\jaxb-runtime-4.0.2.jar;C:\Users\Guilaine\.m2\repository\org\glassfish\jaxb\jaxb-core\4.0.2\jaxb-core-4.0.2.jar;C:\Users\Guilaine\.m2\repository\org\eclipse\angus\angus-activation\2.0.0\angus-activation-2.0.0.jar;C:\Users\Guilaine\.m2\repository\org\glassfish\jaxb\txw2\4.0.2\txw2-4.0.2.jar;C:\Users\Guilaine\.m2\repository\com\sun\istack\istack-commons-runtime\4.1.1\istack-commons-runtime-4.1.1.jar;C:\Users\Guilaine\.m2\repository\jakarta\inject\jakarta.inject-api\2.0.1\jakarta.inject-api-2.0.1.jar;C:\Users\Guilaine\.m2\repository\org\antlr\antlr4-runtime\4.10.1\antlr4-runtime-4.10.1.jar;C:\Users\Guilaine\.m2\repository\org\projectlombok\lombok\1.18.34\lombok-1.18.34.jar;C:\Users\Guilaine\.m2\repository\org\postgresql\postgresql\42.7.4\postgresql-42.7.4.jar;C:\Users\Guilaine\.m2\repository\org\checkerframework\checker-qual\3.42.0\checker-qual-3.42.0.jar;"/>
    <property name="java.vm.vendor" value="Oracle Corporation"/>
    <property name="sun.arch.data.model" value="64"/>
    <property name="user.variant" value=""/>
    <property name="java.vendor.url" value="https://java.oracle.com/"/>
    <property name="user.timezone" value="Africa/Johannesburg"/>
    <property name="os.name" value="Windows 10"/>
    <property name="java.vm.specification.version" value="17"/>
    <property name="sun.java.launcher" value="SUN_STANDARD"/>
    <property name="user.country" value="US"/>
    <property name="sun.boot.library.path" value="C:\Program Files\Java\jdk-17\bin"/>
    <property name="sun.java.command" value="C:\Users\Guilaine\AppData\Local\Temp\surefire11657099105177972545\surefirebooter-20241012234320453_3.jar C:\Users\Guilaine\AppData\Local\Temp\surefire11657099105177972545 2024-10-12T23-43-20_183-jvmRun1 surefire-20241012234320453_1tmp surefire_0-20241012234320453_2tmp"/>
    <property name="jdk.debug" value="release"/>
    <property name="test" value="DbConnectionTesting"/>
    <property name="surefire.test.class.path" value="C:\Users\Guilaine\Eclipse WorkSpace-2018\Auca_Management\auca-project\target\test-classes;C:\Users\Guilaine\Eclipse WorkSpace-2018\Auca_Management\auca-project\target\classes;C:\Users\Guilaine\.m2\repository\junit\junit\4.13.2\junit-4.13.2.jar;C:\Users\Guilaine\.m2\repository\org\hamcrest\hamcrest-core\1.3\hamcrest-core-1.3.jar;C:\Users\Guilaine\.m2\repository\org\hibernate\orm\hibernate-core\6.2.5.Final\hibernate-core-6.2.5.Final.jar;C:\Users\Guilaine\.m2\repository\jakarta\persistence\jakarta.persistence-api\3.1.0\jakarta.persistence-api-3.1.0.jar;C:\Users\Guilaine\.m2\repository\jakarta\transaction\jakarta.transaction-api\2.0.1\jakarta.transaction-api-2.0.1.jar;C:\Users\Guilaine\.m2\repository\org\jboss\logging\jboss-logging\3.5.0.Final\jboss-logging-3.5.0.Final.jar;C:\Users\Guilaine\.m2\repository\org\hibernate\common\hibernate-commons-annotations\6.0.6.Final\hibernate-commons-annotations-6.0.6.Final.jar;C:\Users\Guilaine\.m2\repository\io\smallrye\jandex\3.0.5\jandex-3.0.5.jar;C:\Users\Guilaine\.m2\repository\com\fasterxml\classmate\1.5.1\classmate-1.5.1.jar;C:\Users\Guilaine\.m2\repository\net\bytebuddy\byte-buddy\1.12.18\byte-buddy-1.12.18.jar;C:\Users\Guilaine\.m2\repository\jakarta\xml\bind\jakarta.xml.bind-api\4.0.0\jakarta.xml.bind-api-4.0.0.jar;C:\Users\Guilaine\.m2\repository\jakarta\activation\jakarta.activation-api\2.1.0\jakarta.activation-api-2.1.0.jar;C:\Users\Guilaine\.m2\repository\org\glassfish\jaxb\jaxb-runtime\4.0.2\jaxb-runtime-4.0.2.jar;C:\Users\Guilaine\.m2\repository\org\glassfish\jaxb\jaxb-core\4.0.2\jaxb-core-4.0.2.jar;C:\Users\Guilaine\.m2\repository\org\eclipse\angus\angus-activation\2.0.0\angus-activation-2.0.0.jar;C:\Users\Guilaine\.m2\repository\org\glassfish\jaxb\txw2\4.0.2\txw2-4.0.2.jar;C:\Users\Guilaine\.m2\repository\com\sun\istack\istack-commons-runtime\4.1.1\istack-commons-runtime-4.1.1.jar;C:\Users\Guilaine\.m2\repository\jakarta\inject\jakarta.inject-api\2.0.1\jakarta.inject-api-2.0.1.jar;C:\Users\Guilaine\.m2\repository\org\antlr\antlr4-runtime\4.10.1\antlr4-runtime-4.10.1.jar;C:\Users\Guilaine\.m2\repository\org\projectlombok\lombok\1.18.34\lombok-1.18.34.jar;C:\Users\Guilaine\.m2\repository\org\postgresql\postgresql\42.7.4\postgresql-42.7.4.jar;C:\Users\Guilaine\.m2\repository\org\checkerframework\checker-qual\3.42.0\checker-qual-3.42.0.jar;"/>
    <property name="sun.cpu.endian" value="little"/>
    <property name="user.home" value="C:\Users\Guilaine"/>
    <property name="user.language" value="en"/>
    <property name="java.specification.vendor" value="Oracle Corporation"/>
    <property name="java.version.date" value="2021-09-14"/>
    <property name="java.home" value="C:\Program Files\Java\jdk-17"/>
    <property name="file.separator" value="\"/>
    <property name="basedir" value="C:\Users\Guilaine\Eclipse WorkSpace-2018\Auca_Management\auca-project"/>
    <property name="java.vm.compressedOopsMode" value="32-bit"/>
    <property name="line.separator" value="&#10;"/>
    <property name="java.vm.specification.vendor" value="Oracle Corporation"/>
    <property name="java.specification.name" value="Java Platform API Specification"/>
    <property name="surefire.real.class.path" value="C:\Users\Guilaine\AppData\Local\Temp\surefire11657099105177972545\surefirebooter-20241012234320453_3.jar"/>
    <property name="user.script" value=""/>
    <property name="sun.management.compiler" value="HotSpot 64-Bit Tiered Compilers"/>
    <property name="java.runtime.version" value="17+35-LTS-2724"/>
    <property name="user.name" value="LENOVO"/>
    <property name="path.separator" value=";"/>
    <property name="os.version" value="10.0"/>
    <property name="java.runtime.name" value="Java(TM) SE Runtime Environment"/>
    <property name="file.encoding" value="Cp1252"/>
    <property name="java.vm.name" value="Java HotSpot(TM) 64-Bit Server VM"/>
    <property name="localRepository" value="C:\Users\Guilaine\.m2\repository"/>
    <property name="java.vendor.url.bug" value="https://bugreport.java.com/bugreport/"/>
    <property name="java.io.tmpdir" value="C:\Users\Guilaine\AppData\Local\Temp\"/>
    <property name="java.version" value="17"/>
    <property name="user.dir" value="C:\Users\Guilaine\Eclipse WorkSpace-2018\Auca_Management\auca-project"/>
    <property name="os.arch" value="amd64"/>
    <property name="java.vm.specification.name" value="Java Virtual Machine Specification"/>
    <property name="sun.os.patch.level" value=""/>
    <property name="native.encoding" value="Cp1252"/>
    <property name="java.library.path" value="C:\Program Files\Java\jdk-17\bin;C:\Windows\Sun\Java\bin;C:\Windows\system32;C:\Windows;C:\Program Files\Common Files\Oracle\Java\javapath;C:\Program Files (x86)\Common Files\Oracle\Java\javapath;C:\Program Files\Microsoft MPI\Bin\;C:\Program Files (x86)\VMware\VMware Player\bin\;C:\Windows\system32;C:\Windows;C:\Windows\System32\Wbem;C:\Windows\System32\WindowsPowerShell\v1.0\;C:\Windows\System32\OpenSSH\;C:\Program Files\apache-maven-3.9.6\bin;C:\Program Files\nodejs\;C:\Program Files\Git\cmd;C:\Program Files\Git\bin;D:\AUCA\SetUps\Flutter\flutter_windows_3.22.3-stable\flutter\bin;C:\Program Files\TortoiseSVN\bin;C:\Program Files\VisualSVN Server\bin;C:\Users\Guilaine\AppData\Local\Pub\Cache\bin;C:\Users\Guilaine\AppData\Local\Android\Sdk;C:\Users\Guilaine\AppData\Local\Android\Sdk\platform-tools;C:\Program Files\Java\jdk-17\bin;C:\Program Files\Docker\Docker\resources\bin;C:\Program Files\Microsoft SQL Server\150\Tools\Binn\;C:\Program Files\Microsoft SQL Server\Client SDK\ODBC\170\Tools\Binn\;C:\Program Files (x86)\Windows Kits\10\Windows Performance Toolkit\;C:\ProgramData\chocolatey\bin;D:\AUCA\SetUps\flutter_windows_3.22.3-stable\flutter\bin;C:\Program Files\PuTTY\;C:\Program Files (x86)\WinSCP\;C:\Users\Guilaine\AppData\Local\Programs\Microsoft VS Code\bin;C:\Program Files\dotnet\;C:\Program Files (x86)\Microsoft SQL Server\160\Tools\Binn\;C:\Program Files\Microsoft SQL Server\160\Tools\Binn\;C:\Program Files\Microsoft SQL Server\160\DTS\Binn\;C:\Program Files (x86)\Microsoft SQL Server\160\DTS\Binn\;C:\Users\Guilaine\AppData\Local\Programs\Python\Python312\Scripts\;C:\Users\Guilaine\AppData\Local\Programs\Python\Python312\;C:\Users\Guilaine\AppData\Local\Programs\Python\Launcher\;C:\Users\Guilaine\AppData\Local\Microsoft\WindowsApps;C:\Users\Guilaine\AppData\Local\Programs\Microsoft VS Code\bin;C:\Program Files\apache-maven-3.9.6\bin;C:\Users\Guilaine\AppData\Roaming\npm;D:\AUCA\SetUps\flutter_windows_3.22.2-stable\flutter\bin;C:\Program Files\Git\cmd;C:\Program Files\Git\bin;C:\Users\Guilaine\AppData\Local\Pub\Cache\bin;C:\Users\Guilaine\AppData\Local\Android\Sdk;C:\Users\Guilaine\AppData\Local\Android\Sdk\platform-tools;C:\Program Files\Java\jdk-17\bin;C:\tools\dart-sdk\bin;D:\AUCA\SetUps\Flutter\flutter_windows_3.22.3-stable\flutter\bin;C:\Users\Guilaine\.dotnet\tools;C:\Users\Guilaine\.bun\bin;."/>
    <property name="java.vm.info" value="mixed mode, sharing"/>
    <property name="java.vendor" value="Oracle Corporation"/>
    <property name="java.vm.version" value="17+35-LTS-2724"/>
    <property name="sun.io.unicode.encoding" value="UnicodeLittle"/>
    <property name="java.class.version" value="61.0"/>
  </properties>
  <testcase name="testingConnection" classname="DbConnectionTesting" time="3.195">
    <system-out><![CDATA[Hibernate: create table Academic_unit (Academic_id bigserial not null, academic_code bigint, academic_name varchar(255), parent_id bigint, type varchar(255) check (type in ('Programme','Faculty','Department')), primary key (Academic_id))
Hibernate: create table Assistant (assistant_id bigserial not null, first_name varchar(50), last_name varchar(50), teacher_id integer, primary key (assistant_id))
Hibernate: create table Course (course_code varchar(50) not null, course_name varchar(50), department_id bigint, semester_id integer, primary key (course_code))
Hibernate: create table Course_Definition (course_definition_code varchar(50) not null, course_definition_description varchar(50), course_id varchar(50), primary key (course_definition_code))
Hibernate: create table Semester (sem_id serial not null, end_date date, semester_name varchar(50), starting_date date, primary key (sem_id))
Hibernate: create table Student (student_id serial not null, date_of_birth timestamp(6), first_name varchar(255), last_name varchar(255), primary key (student_id))
Hibernate: create table student_course (registration_id integer not null, course_id varchar(50) not null, primary key (registration_id, course_id))
Hibernate: create table Student_Registration (reg_id serial not null, department varchar(255) check (department in ('Programme','Faculty','Department')), registration_code varchar(50), registration_date timestamp(6), semester_id integer, student_id integer, primary key (reg_id))
Hibernate: create table Teacher (teacher_id serial not null, first_name varchar(50), last_name varchar(50), qualification varchar(50) check (qualification in ('MASTER','PHD','PROFESSOR')), course_id varchar(50), primary key (teacher_id))
Hibernate: alter table if exists Course_Definition drop constraint if exists UK_dwcuqnwnqj4ca7ir7jyqsuxyj
Hibernate: alter table if exists Course_Definition add constraint UK_dwcuqnwnqj4ca7ir7jyqsuxyj unique (course_id)
Hibernate: alter table if exists Student_Registration drop constraint if exists UK_ovhp980konqxnkuxgyto4d9n5
Hibernate: alter table if exists Student_Registration add constraint UK_ovhp980konqxnkuxgyto4d9n5 unique (semester_id)
Hibernate: alter table if exists Assistant add constraint FKhthljc23kq4amt3shjf4nskf1 foreign key (teacher_id) references Teacher
Hibernate: alter table if exists Course add constraint FK4d8ky12iexb7mi7uf4r5cebkx foreign key (department_id) references Academic_unit
Hibernate: alter table if exists Course add constraint FKft9mu2p1fcyug4k996696keml foreign key (semester_id) references Semester
Hibernate: alter table if exists Course_Definition add constraint FKqbl8gor5odevn1j9jffr9xcg7 foreign key (course_id) references Course
Hibernate: alter table if exists student_course add constraint FKtao0ysp4xfmi9dlxc10ku58qq foreign key (course_id) references Course
Hibernate: alter table if exists student_course add constraint FKc0auj4c510c5n9jai1ojsdyqr foreign key (registration_id) references Student_Registration
Hibernate: alter table if exists Student_Registration add constraint FK3demavudptwtpg1jyrpdhifo7 foreign key (semester_id) references Semester
Hibernate: alter table if exists Student_Registration add constraint FK2r1utrt206ap5pex0tqtu678n foreign key (student_id) references Student
Hibernate: alter table if exists Teacher add constraint FKrclcsc2e4ih9lfanuy3enij6r foreign key (course_id) references Course
]]></system-out>
    <system-err><![CDATA[Oct 12, 2024 11:43:21 PM org.hibernate.Version logVersion
INFO: HHH000412: Hibernate ORM core version 6.2.5.Final
Oct 12, 2024 11:43:21 PM org.hibernate.cfg.Environment <clinit>
INFO: HHH000406: Using bytecode reflection optimizer
Oct 12, 2024 11:43:21 PM org.hibernate.engine.jdbc.connections.internal.DriverManagerConnectionProviderImpl configure
WARN: HHH10001002: Using built-in connection pool (not intended for production use)
Oct 12, 2024 11:43:21 PM org.hibernate.engine.jdbc.connections.internal.DriverManagerConnectionProviderImpl buildCreator
INFO: HHH10001005: Loaded JDBC driver class: org.postgresql.Driver
Oct 12, 2024 11:43:21 PM org.hibernate.engine.jdbc.connections.internal.DriverManagerConnectionProviderImpl buildCreator
INFO: HHH10001012: Connecting with JDBC URL [jdbc:postgresql://localhost:5432/auca]
Oct 12, 2024 11:43:21 PM org.hibernate.engine.jdbc.connections.internal.DriverManagerConnectionProviderImpl buildCreator
INFO: HHH10001001: Connection properties: {password=****, user=postgres}
Oct 12, 2024 11:43:21 PM org.hibernate.engine.jdbc.connections.internal.DriverManagerConnectionProviderImpl buildCreator
INFO: HHH10001003: Autocommit mode: false
Oct 12, 2024 11:43:21 PM org.hibernate.engine.jdbc.connections.internal.DriverManagerConnectionProviderImpl$PooledConnections <init>
INFO: HHH10001115: Connection pool size: 20 (min=1)
Oct 12, 2024 11:43:22 PM org.hibernate.bytecode.internal.BytecodeProviderInitiator buildBytecodeProvider
INFO: HHH000021: Bytecode provider name : bytebuddy
Oct 12, 2024 11:43:24 PM org.hibernate.engine.transaction.jta.platform.internal.JtaPlatformInitiator initiateService
INFO: HHH000490: Using JtaPlatform implementation: [org.hibernate.engine.transaction.jta.platform.internal.NoJtaPlatform]
Oct 12, 2024 11:43:24 PM org.hibernate.resource.transaction.backend.jdbc.internal.DdlTransactionIsolatorNonJtaImpl getIsolatedConnection
INFO: HHH10001501: Connection obtained from JdbcConnectionAccess [org.hibernate.engine.jdbc.env.internal.JdbcEnvironmentInitiator$ConnectionProviderJdbcConnectionAccess@500051c5] for (non-JTA) DDL execution was not in auto-commit mode; the Connection 'local transaction' will be committed and the Connection will be set into auto-commit mode.
Oct 12, 2024 11:43:24 PM org.hibernate.engine.jdbc.spi.SqlExceptionHelper$StandardWarningHandler logWarning
WARN: SQL Warning Code: 0, SQLState: 00000
Oct 12, 2024 11:43:24 PM org.hibernate.engine.jdbc.spi.SqlExceptionHelper$StandardWarningHandler logWarning
WARN: constraint "uk_dwcuqnwnqj4ca7ir7jyqsuxyj" of relation "course_definition" does not exist, skipping
Oct 12, 2024 11:43:24 PM org.hibernate.engine.jdbc.spi.SqlExceptionHelper$StandardWarningHandler logWarning
WARN: SQL Warning Code: 0, SQLState: 00000
Oct 12, 2024 11:43:24 PM org.hibernate.engine.jdbc.spi.SqlExceptionHelper$StandardWarningHandler logWarning
WARN: constraint "uk_ovhp980konqxnkuxgyto4d9n5" of relation "student_registration" does not exist, skipping
]]></system-err>
  </testcase>
</testsuite>